<?xml version="1.0" encoding="UTF-8"?>
<!-- Generated by org.testng.reporters.JUnitReportReporter -->
<testsuite hostname="Amar-IT" failures="0" tests="1" name="Test.GlobalAssure.Demo" time="61.244" errors="0" timestamp="2024-12-04T21:54:44 IST" skipped="0">
  <testcase classname="Test.GlobalAssure.Demo" name="TestDemo" time="61.244"/>
</testsuite> <!-- Test.GlobalAssure.Demo -->
